[09:42:07] [ServerMain/INFO]: [bootstrap] Running Java 21 (OpenJDK 64-Bit Server VM 21.0.5+11-LTS; Microsoft Microsoft-10376803) on Linux 6.8.0-1021-azure (amd64)
[09:42:07] [ServerMain/INFO]: [bootstrap] Loading Paper 1.21.4-211-main@6ea4202 (2025-03-13T11:49:31Z) for Minecraft 1.21.4
[09:42:07] [ServerMain/INFO]: [PluginInitializerManager] Initializing plugins...
[09:42:07] [Paper Plugin Remapper Thread - 2/INFO]: [PluginRemapper] Remapping plugin 'plugins/DeluxeMenus-1.14.0-Release.jar'...
[09:42:10] [Paper Plugin Remapper Thread - 2/INFO]: [PluginRemapper] Done remapping plugin 'plugins/DeluxeMenus-1.14.0-Release.jar' in 3011ms.
[09:42:11] [ServerMain/INFO]: [PluginInitializerManager] Initialized 14 plugins
[09:42:11] [ServerMain/INFO]: [PluginInitializerManager] Paper plugins (1):
 - Minepacks (2.4.31.6-T20250103114036)
[09:42:11] [ServerMain/INFO]: [PluginInitializerManager] Bukkit plugins (13):
 - DeluxeMenus (1.14.0-Release), EasyWarp (3.16), InvSeePlusPlus (0.29.19), InvSeePlusPlus_Clear (0.29.19), InvSeePlusPlus_Give (0.29.19), KeepItems (1.3.2), LoginSecurity (3.3.0), LuckPerms (5.4.131), Multiverse-Core (4.3.14), NoExplode (2.0), Shopkeepers (2.23.3), WorldEdit (7.3.10+7004-768a436), WorldGuard (7.0.13+82fdc65)
[09:42:18] [ServerMain/INFO]: Environment: Environment[sessionHost=https://sessionserver.mojang.com, servicesHost=https://api.minecraftservices.com, name=PROD]
[09:42:21] [ServerMain/INFO]: Loaded 1370 recipes
[09:42:21] [ServerMain/INFO]: Loaded 1481 advancements
[09:42:21] [ServerMain/INFO]: [MCTypeRegistry] Initialising converters for DataConverter...
[09:42:21] [ServerMain/INFO]: [MCTypeRegistry] Finished initialising converters for DataConverter in 332.3ms
[09:42:22] [Server thread/INFO]: Starting minecraft server version 1.21.4
[09:42:22] [Server thread/INFO]: Loading properties
[09:42:22] [Server thread/INFO]: This server is running Paper version 1.21.4-211-main@6ea4202 (2025-03-13T11:49:31Z) (Implementing API version 1.21.4-R0.1-SNAPSHOT)
[09:42:22] [Server thread/INFO]: [spark] This server bundles the spark profiler. For more information please visit https://docs.papermc.io/paper/profiling
[09:42:22] [Server thread/INFO]: Server Ping Player Sample Count: 12
[09:42:22] [Server thread/INFO]: Using 4 threads for Netty based IO
[09:42:22] [Server thread/INFO]: [MoonriseCommon] Paper is using 1 worker threads, 1 I/O threads
[09:42:22] [Server thread/INFO]: [ChunkTaskScheduler] Chunk system is using population gen parallelism: true
[09:42:23] [Server thread/INFO]: Default game type: SURVIVAL
[09:42:23] [Server thread/INFO]: Generating keypair
[09:42:23] [Server thread/INFO]: Starting Minecraft server on *:25565
[09:42:23] [Server thread/INFO]: Using epoll channel type
[09:42:23] [Server thread/INFO]: Paper: Using libdeflate (Linux x86_64) compression from Velocity.
[09:42:23] [Server thread/INFO]: Paper: Using OpenSSL 1.1.x (Linux x86_64) cipher from Velocity.
[09:42:23] [Server thread/INFO]: [Minepacks] PCGF-PluginLib not installed. Switching to standalone mode!
[09:42:23] [Server thread/WARN]: [org.bukkit.craftbukkit.legacy.CraftLegacy] Initializing Legacy Material Support. Unless you have legacy plugins and/or data this is a bug!
[09:42:35] [Server thread/WARN]: Legacy plugin KeepItems v1.3.2 does not specify an api-version.
[09:42:35] [Server thread/WARN]: Legacy plugin NoExplode v2.0 does not specify an api-version.
[09:42:36] [Server thread/INFO]: [LuckPerms] Loading server plugin LuckPerms v5.4.131
[09:42:37] [Server thread/INFO]: [WorldEdit] Loading server plugin WorldEdit v7.3.10+7004-768a436
[09:42:38] [Server thread/INFO]: Got request to register class com.sk89q.worldedit.bukkit.BukkitServerInterface with WorldEdit [com.sk89q.worldedit.extension.platform.PlatformManager@e55289a]
[09:42:38] [Server thread/INFO]: [InvSee++] Loading server plugin InvSeePlusPlus v0.29.19
[09:42:38] [Server thread/INFO]: [WorldGuard] Loading server plugin WorldGuard v7.0.13+82fdc65
[09:42:38] [Server thread/INFO]: [Multiverse-Core] Loading server plugin Multiverse-Core v4.3.14
[09:42:38] [Server thread/INFO]: [InvSee++_Give] Loading server plugin InvSeePlusPlus_Give v0.29.19
[09:42:38] [Server thread/INFO]: [Minepacks] Loading server plugin Minepacks v2.4.31.6-T20250103114036
[09:42:38] [Server thread/INFO]: [LoginSecurity] Loading server plugin LoginSecurity v3.3.0
[09:42:38] [Server thread/INFO]: [EasyWarp] Loading server plugin EasyWarp v3.16
[09:42:38] [Server thread/INFO]: [KeepItems] Loading server plugin KeepItems v1.3.2
[09:42:38] [Server thread/INFO]: [NoExplode] Loading server plugin NoExplode v2.0
[09:42:38] [Server thread/INFO]: [DeluxeMenus] Loading server plugin DeluxeMenus v1.14.0-Release
[09:42:38] [Server thread/WARN]: [DeluxeMenus] Could not setup a NMS hook for your server version!
[09:42:38] [Server thread/INFO]: [InvSee++_Clear] Loading server plugin InvSeePlusPlus_Clear v0.29.19
[09:42:38] [Server thread/INFO]: [Shopkeepers] Loading server plugin Shopkeepers v2.23.3
[09:42:38] [Server thread/INFO]: [Shopkeepers] Loaded all plugin classes (792 ms).
[09:42:38] [Server thread/INFO]: [Shopkeepers] Loading config.
[09:42:38] [Server thread/INFO]: [Shopkeepers] Loading language file: language-en-default.yml
[09:42:39] [Server thread/INFO]: [Shopkeepers] Registering WorldGuard flag 'allow-shop'.
[09:42:39] [Server thread/INFO]: [Shopkeepers] Registering defaults.
[09:42:39] [Server thread/INFO]: Server permissions file permissions.yml is empty, ignoring it
[09:42:39] [Server thread/INFO]: [LuckPerms] Enabling LuckPerms v5.4.131
[09:42:39] [Server thread/INFO]:         __    
[09:42:39] [Server thread/INFO]:   |    |__)   LuckPerms v5.4.131
[09:42:39] [Server thread/INFO]:   |___ |      Running on Bukkit - Paper
[09:42:39] [Server thread/INFO]: 
[09:42:39] [Server thread/INFO]: [LuckPerms] Loading configuration...
[09:42:40] [Server thread/INFO]: [LuckPerms] Loading storage provider... [H2]
[09:42:41] [Server thread/INFO]: [LuckPerms] Loading internal permission managers...
[09:42:41] [Server thread/INFO]: [LuckPerms] Performing initial data load...
[09:42:41] [Server thread/INFO]: [LuckPerms] Successfully enabled. (took 2909ms)
[09:42:41] [Server thread/INFO]: [WorldEdit] Enabling WorldEdit v7.3.10+7004-768a436
[09:42:42] [Server thread/INFO]: Registering commands with com.sk89q.worldedit.bukkit.BukkitServerInterface
[09:42:42] [Server thread/INFO]: WEPIF: Using the Bukkit Permissions API.
[09:42:43] [Server thread/INFO]: Using com.sk89q.worldedit.bukkit.adapter.impl.v1_21_4.PaperweightAdapter as the Bukkit adapter
[09:42:45] [Server thread/WARN]: **** SERVER IS RUNNING IN OFFLINE/INSECURE MODE!
[09:42:45] [Server thread/WARN]: The server will make no attempt to authenticate usernames. Beware.
[09:42:45] [Server thread/WARN]: While this makes the game possible to play without internet access, it also opens up the ability for hackers to connect with any username they choose.
[09:42:45] [Server thread/WARN]: To change this, set "online-mode" to "true" in the server.properties file.
[09:42:45] [Server thread/INFO]: Preparing level "world"
[09:42:47] [Server thread/INFO]: Preparing start region for dimension minecraft:overworld
[09:42:48] [Server thread/INFO]: Preparing spawn area: 0%
[09:42:48] [Server thread/INFO]: Preparing spawn area: 0%
[09:42:49] [Server thread/INFO]: Preparing spawn area: 0%
[09:42:49] [Server thread/INFO]: Preparing spawn area: 0%
[09:42:49] [Server thread/INFO]: Time elapsed: 1946 ms
[09:42:49] [Server thread/INFO]: Preparing start region for dimension minecraft:the_nether
[09:42:49] [Server thread/INFO]: Preparing spawn area: 0%
[09:42:50] [Server thread/INFO]: Time elapsed: 428 ms
[09:42:50] [Server thread/INFO]: Preparing start region for dimension minecraft:the_end
[09:42:50] [Server thread/INFO]: Preparing spawn area: 0%
[09:42:50] [Server thread/INFO]: Time elapsed: 175 ms
[09:42:50] [Server thread/INFO]: [InvSee++] Enabling InvSeePlusPlus v0.29.19
[09:42:50] [Server thread/INFO]: [WorldGuard] Enabling WorldGuard v7.0.13+82fdc65
[09:42:51] [Server thread/INFO]: [WorldGuard] (world) TNT ignition is PERMITTED.
[09:42:51] [Server thread/INFO]: [WorldGuard] (world) Lighters are PERMITTED.
[09:42:51] [Server thread/INFO]: [WorldGuard] (world) Lava fire is PERMITTED.
[09:42:51] [Server thread/INFO]: [WorldGuard] (world) Fire spread is UNRESTRICTED.
[09:42:51] [Server thread/INFO]: [WorldGuard] Loaded configuration for world 'world'
[09:42:51] [Server thread/INFO]: [WorldGuard] (world_nether) TNT ignition is PERMITTED.
[09:42:51] [Server thread/INFO]: [WorldGuard] (world_nether) Lighters are PERMITTED.
[09:42:51] [Server thread/INFO]: [WorldGuard] (world_nether) Lava fire is PERMITTED.
[09:42:51] [Server thread/INFO]: [WorldGuard] (world_nether) Fire spread is UNRESTRICTED.
[09:42:51] [Server thread/INFO]: [WorldGuard] Loaded configuration for world 'world_nether'
[09:42:51] [Server thread/INFO]: [WorldGuard] (world_the_end) TNT ignition is PERMITTED.
[09:42:51] [Server thread/INFO]: [WorldGuard] (world_the_end) Lighters are PERMITTED.
[09:42:51] [Server thread/INFO]: [WorldGuard] (world_the_end) Lava fire is PERMITTED.
[09:42:51] [Server thread/INFO]: [WorldGuard] (world_the_end) Fire spread is UNRESTRICTED.
[09:42:51] [Server thread/INFO]: [WorldGuard] Loaded configuration for world 'world_the_end'
[09:42:51] [Server thread/INFO]: [WorldGuard] Loading region data...
[09:42:51] [Server thread/INFO]: [Multiverse-Core] Enabling Multiverse-Core v4.3.14
[09:42:51] [Server thread/WARN]: [Multiverse-Core] "Multiverse-Core v4.3.14" has registered a listener for org.bukkit.event.entity.EntityCreatePortalEvent on method "public void com.onarandombox.MultiverseCore.listeners.MVPortalListener.entityPortalCreate(org.bukkit.event.entity.EntityCreatePortalEvent)", but the event is Deprecated. "Server performance will be affected"; please notify the authors [dumptruckman, Rigby, fernferret, lithium3141, main--].
[09:42:51] [Server thread/INFO]: [Multiverse-Core] §aWe are aware of the warning about the deprecated event. There is no alternative that allows us to do what we need to do and performance impact is negligible. It is safe to ignore.
[09:42:52] [Server thread/INFO]: Preparing start region for dimension minecraft:world2
[09:42:52] [Server thread/INFO]: Preparing spawn area: 0%
[09:42:52] [Server thread/INFO]: Time elapsed: 172 ms
[09:42:52] [Server thread/INFO]: [WorldGuard] (world2) TNT ignition is PERMITTED.
[09:42:52] [Server thread/INFO]: [WorldGuard] (world2) Lighters are PERMITTED.
[09:42:52] [Server thread/INFO]: [WorldGuard] (world2) Lava fire is PERMITTED.
[09:42:52] [Server thread/INFO]: [WorldGuard] (world2) Fire spread is UNRESTRICTED.
[09:42:52] [Server thread/INFO]: [WorldGuard] Loaded configuration for world 'world2'
[09:42:52] [Server thread/INFO]: [Multiverse-Core] 4 - World(s) loaded.
[09:42:52] [Server thread/WARN]: [Multiverse-Core] Buscript failed to load! The script command will be disabled! If you would like not to see this message, use `/mv conf enablebuscript false` to disable Buscript from loading.
[09:42:52] [Server thread/INFO]: [Multiverse-Core] Version 4.3.14 (API v24) Enabled - By dumptruckman, Rigby, fernferret, lithium3141 and main--
[09:42:52] [Server thread/INFO]: [InvSee++_Give] Enabling InvSeePlusPlus_Give v0.29.19
[09:42:52] [Server thread/INFO]: [Minepacks] Enabling Minepacks v2.4.31.6-T20250103114036
[09:42:52] [Server thread/INFO]: [Minepacks] Starting Minepacks in standalone mode!
[09:42:52] [Server thread/INFO]: [Minepacks] File "/config.yml" extracted successfully!
[09:42:52] [Server thread/INFO]: [Minepacks] Config file successfully loaded.
[09:42:53] [Server thread/WARN]: [Minepacks] Paper support is experimental! Use at your own risk!
[09:42:53] [Server thread/WARN]: [Minepacks] No guarantee for data integrity! Backup constantly!
[09:42:53] [Server thread/INFO]: [Minepacks] File "/lang/en.yml" extracted successfully!
[09:42:53] [Server thread/INFO]: [Minepacks] Language file successfully loaded. Language: english  Author: GeorgH93
[09:42:53] [Server thread/INFO]: [at.pcgamingfreaks.MinepacksStandalone.libs.com.zaxxer.hikari.HikariDataSource] Minepacks-Connection-Pool - Starting...
[09:42:53] [Server thread/INFO]: [at.pcgamingfreaks.MinepacksStandalone.libs.com.zaxxer.hikari.HikariDataSource] Minepacks-Connection-Pool - Start completed.
[09:42:53] [Server thread/INFO]: [Minepacks] File "/lang/items_en.yml" extracted successfully!
[09:42:53] [Server thread/INFO]: [Minepacks] Item name language file successfully loaded. Language: english  Author: GeorgH93
[09:42:53] [Server thread/INFO]: [Minepacks] Loading item translations ...
[09:42:53] [Server thread/INFO]: [Minepacks] Finished loading item translations for 826 items.
[09:42:53] [Server thread/INFO]: [Minepacks]  Minepacks has been enabled!  :) 
[09:42:53] [Server thread/INFO]: [LoginSecurity] Enabling LoginSecurity v3.3.0
[09:42:53] [Server thread/INFO]: [LoginSecurity] Loading base translations from "en_us"
[09:42:54] [Server thread/INFO]: [LoginSecurity] Loading specified translations from "en_us"
[09:42:54] [Server thread/INFO]: [LoginSecurity] Registering commands...
[09:42:54] [Server thread/INFO]: [LoginSecurity] Registering listeners...
[09:42:54] [Server thread/INFO]: [LoginSecurity] Using 1.12+ map captcha renderer
[09:42:54] [Server thread/INFO]: [EasyWarp] Enabling EasyWarp v3.16
[09:42:54] [Server thread/INFO]: [KeepItems] Enabling KeepItems v1.3.2*
[09:42:54] [Server thread/INFO]: [NoExplode] Enabling NoExplode v2.0*
[09:42:54] [Server thread/INFO]: [NoExplode] NoExplodeTurtle Enabled. By Turtlez16
[09:42:54] [Server thread/INFO]: [DeluxeMenus] Enabling DeluxeMenus v1.14.0-Release
[09:42:54] [Server thread/ERROR]: [DeluxeMenus] Could not hook into PlaceholderAPI!
DeluxeMenus will now disable!
[09:42:54] [Server thread/INFO]: [DeluxeMenus] Disabling DeluxeMenus v1.14.0-Release
[09:42:54] [Server thread/ERROR]: Error occurred while disabling DeluxeMenus v1.14.0-Release
java.lang.NullPointerException: Cannot invoke "java.util.Map.clear()" because "this.itemHooks" is null
	at DeluxeMenus-1.14.0-Release.jar/com.extendedclip.deluxemenus.DeluxeMenus.onDisable(DeluxeMenus.java:190) ~[DeluxeMenus-1.14.0-Release.jar:?]
	at org.bukkit.plugin.java.JavaPlugin.setEnabled(JavaPlugin.java:286) ~[paper-api-1.21.4-R0.1-SNAPSHOT.jar:?]
	at io.papermc.paper.plugin.manager.PaperPluginInstanceManager.disablePlugin(PaperPluginInstanceManager.java:237) ~[paper-1.21.4.jar:1.21.4-211-6ea4202]
	at io.papermc.paper.plugin.manager.PaperPluginManagerImpl.disablePlugin(PaperPluginManagerImpl.java:114) ~[paper-1.21.4.jar:1.21.4-211-6ea4202]
	at org.bukkit.plugin.SimplePluginManager.disablePlugin(SimplePluginManager.java:550) ~[paper-api-1.21.4-R0.1-SNAPSHOT.jar:?]
	at DeluxeMenus-1.14.0-Release.jar/com.extendedclip.deluxemenus.DeluxeMenus.onEnable(DeluxeMenus.java:97) ~[DeluxeMenus-1.14.0-Release.jar:?]
	at org.bukkit.plugin.java.JavaPlugin.setEnabled(JavaPlugin.java:280) ~[paper-api-1.21.4-R0.1-SNAPSHOT.jar:?]
	at io.papermc.paper.plugin.manager.PaperPluginInstanceManager.enablePlugin(PaperPluginInstanceManager.java:202) ~[paper-1.21.4.jar:1.21.4-211-6ea4202]
	at io.papermc.paper.plugin.manager.PaperPluginManagerImpl.enablePlugin(PaperPluginManagerImpl.java:109) ~[paper-1.21.4.jar:1.21.4-211-6ea4202]
	at org.bukkit.plugin.SimplePluginManager.enablePlugin(SimplePluginManager.java:520) ~[paper-api-1.21.4-R0.1-SNAPSHOT.jar:?]
	at org.bukkit.craftbukkit.CraftServer.enablePlugin(CraftServer.java:657) ~[paper-1.21.4.jar:1.21.4-211-6ea4202]
	at org.bukkit.craftbukkit.CraftServer.enablePlugins(CraftServer.java:606) ~[paper-1.21.4.jar:1.21.4-211-6ea4202]
	at net.minecraft.server.MinecraftServer.loadWorld0(MinecraftServer.java:743) ~[paper-1.21.4.jar:1.21.4-211-6ea4202]
	at net.minecraft.server.MinecraftServer.loadLevel(MinecraftServer.java:488) ~[paper-1.21.4.jar:1.21.4-211-6ea4202]
	at net.minecraft.server.dedicated.DedicatedServer.initServer(DedicatedServer.java:322) ~[paper-1.21.4.jar:1.21.4-211-6ea4202]
	at net.minecraft.server.MinecraftServer.runServer(MinecraftServer.java:1163) ~[paper-1.21.4.jar:1.21.4-211-6ea4202]
	at net.minecraft.server.MinecraftServer.lambda$spin$2(MinecraftServer.java:310) ~[paper-1.21.4.jar:1.21.4-211-6ea4202]
	at java.base/java.lang.Thread.run(Thread.java:1583) ~[?:?]
[09:42:54] [Server thread/INFO]: [InvSee++_Clear] Enabling InvSeePlusPlus_Clear v0.29.19
[09:42:54] [Server thread/INFO]: [Shopkeepers] Enabling Shopkeepers v2.23.3
[09:42:54] [Server thread/INFO]: [spark] Starting background profiler...
[09:42:55] [Server thread/INFO]: Done preparing level "world" (10.015s)
[09:42:55] [Server thread/INFO]: Starting GS4 status listener
[09:42:55] [Server thread/INFO]: Thread Query Listener started
[09:42:55] [Server thread/INFO]: Starting remote control listener
[09:42:55] [Query Listener #1/INFO]: Query running on 0.0.0.0:25565
[09:42:55] [Server thread/WARN]: No rcon password set in server.properties, rcon disabled!
[09:42:55] [Server thread/INFO]: JMX monitoring enabled
[09:42:55] [Server thread/INFO]: Running delayed init tasks
[09:42:55] [Server thread/INFO]: Done (49.751s)! For help, type "help"
[09:42:55] [Craft Scheduler Thread - 6 - NoExplode/WARN]: [NoExplode] Plugin NoExplode v2.0 generated an exception while executing task 16
java.lang.NoSuchMethodError: 'org.bukkit.entity.Player[] org.bukkit.Server.getOnlinePlayers()'
	at NoExplode.jar/me.turtlez16.Metrics.postPlugin(Metrics.java:307) ~[NoExplode.jar:?]
	at NoExplode.jar/me.turtlez16.Metrics.access$4(Metrics.java:298) ~[NoExplode.jar:?]
	at NoExplode.jar/me.turtlez16.Metrics$1.run(Metrics.java:216) ~[NoExplode.jar:?]
	at org.bukkit.craftbukkit.scheduler.CraftTask.run(CraftTask.java:78) ~[paper-1.21.4.jar:1.21.4-211-6ea4202]
	at org.bukkit.craftbukkit.scheduler.CraftAsyncTask.run(CraftAsyncTask.java:57) ~[paper-1.21.4.jar:1.21.4-211-6ea4202]
	at com.destroystokyo.paper.ServerSchedulerReportingWrapper.run(ServerSchedulerReportingWrapper.java:22) ~[paper-1.21.4.jar:?]
	at java.base/java.util.concurrent.ThreadPoolExecutor.runWorker(ThreadPoolExecutor.java:1144) ~[?:?]
	at java.base/java.util.concurrent.ThreadPoolExecutor$Worker.run(ThreadPoolExecutor.java:642) ~[?:?]
	at java.base/java.lang.Thread.run(Thread.java:1583) ~[?:?]
[09:52:55] [Craft Scheduler Thread - 10 - NoExplode/WARN]: [NoExplode] Plugin NoExplode v2.0 generated an exception while executing task 16
java.lang.NoSuchMethodError: 'org.bukkit.entity.Player[] org.bukkit.Server.getOnlinePlayers()'
	at NoExplode.jar/me.turtlez16.Metrics.postPlugin(Metrics.java:307) ~[NoExplode.jar:?]
	at NoExplode.jar/me.turtlez16.Metrics.access$4(Metrics.java:298) ~[NoExplode.jar:?]
	at NoExplode.jar/me.turtlez16.Metrics$1.run(Metrics.java:216) ~[NoExplode.jar:?]
	at org.bukkit.craftbukkit.scheduler.CraftTask.run(CraftTask.java:78) ~[paper-1.21.4.jar:1.21.4-211-6ea4202]
	at org.bukkit.craftbukkit.scheduler.CraftAsyncTask.run(CraftAsyncTask.java:57) ~[paper-1.21.4.jar:1.21.4-211-6ea4202]
	at com.destroystokyo.paper.ServerSchedulerReportingWrapper.run(ServerSchedulerReportingWrapper.java:22) ~[paper-1.21.4.jar:?]
	at java.base/java.util.concurrent.ThreadPoolExecutor.runWorker(ThreadPoolExecutor.java:1144) ~[?:?]
	at java.base/java.util.concurrent.ThreadPoolExecutor$Worker.run(ThreadPoolExecutor.java:642) ~[?:?]
	at java.base/java.lang.Thread.run(Thread.java:1583) ~[?:?]
[09:54:22] [Server thread/INFO]: Stopping server
[09:54:22] [Server thread/INFO]: [Shopkeepers] Disabling Shopkeepers v2.23.3
[09:54:22] [Server thread/INFO]: [InvSee++_Clear] Disabling InvSeePlusPlus_Clear v0.29.19
[09:54:22] [Server thread/INFO]: [NoExplode] Disabling NoExplode v2.0
[09:54:22] [Server thread/INFO]: [NoExplode] NoExplodeTurtle Disabled. By Turtlez16
[09:54:22] [Server thread/INFO]: [KeepItems] Disabling KeepItems v1.3.2
[09:54:22] [Server thread/INFO]: [EasyWarp] Disabling EasyWarp v3.16
[09:54:22] [Server thread/INFO]: [LoginSecurity] Disabling LoginSecurity v3.3.0
[09:54:22] [Server thread/INFO]: [LoginSecurity] Waiting for queued tasks...
[09:54:22] [Server thread/INFO]: [LoginSecurity] ExecutorService shut down, ready to disable.
[09:54:22] [Server thread/INFO]: [Minepacks] Disabling Minepacks v2.4.31.6-T20250103114036
[09:54:23] [Server thread/INFO]: [at.pcgamingfreaks.MinepacksStandalone.libs.com.zaxxer.hikari.HikariDataSource] Minepacks-Connection-Pool - Shutdown initiated...
[09:54:23] [Server thread/INFO]: [at.pcgamingfreaks.MinepacksStandalone.libs.com.zaxxer.hikari.HikariDataSource] Minepacks-Connection-Pool - Shutdown completed.
[09:54:23] [Server thread/INFO]: [Minepacks]  Minepacks has been disabled.  :( 
[09:54:23] [Server thread/INFO]: [InvSee++_Give] Disabling InvSeePlusPlus_Give v0.29.19
[09:54:23] [Server thread/INFO]: [Multiverse-Core] Disabling Multiverse-Core v4.3.14
[09:54:23] [Server thread/INFO]: [WorldGuard] Disabling WorldGuard v7.0.13+82fdc65
[09:54:23] [Server thread/INFO]: [WorldGuard] Shutting down executor and cancelling any pending tasks...
[09:54:23] [Server thread/INFO]: [InvSee++] Disabling InvSeePlusPlus v0.29.19
[09:54:23] [Server thread/INFO]: [WorldEdit] Disabling WorldEdit v7.3.10+7004-768a436
[09:54:23] [Server thread/INFO]: Unregistering com.sk89q.worldedit.bukkit.BukkitServerInterface from WorldEdit
[09:54:23] [Server thread/INFO]: [LuckPerms] Disabling LuckPerms v5.4.131
[09:54:23] [Server thread/INFO]: [LuckPerms] Starting shutdown process...
[09:54:23] [Server thread/INFO]: [LuckPerms] Closing storage...
[09:54:23] [Server thread/INFO]: [LuckPerms] Goodbye!
[09:54:23] [Server thread/INFO]: Saving players
[09:54:23] [Server thread/INFO]: Saving worlds
[09:54:23] [Server thread/INFO]: Saving chunks for level 'ServerLevel[world]'/minecraft:overworld
[09:54:23] [Server thread/INFO]: [ChunkHolderManager] Waiting 60s for chunk system to halt for world 'world'
[09:54:23] [Server thread/INFO]: [ChunkHolderManager] Halted chunk system for world 'world'
[09:54:23] [Server thread/INFO]: [ChunkHolderManager] Saving all chunkholders for world 'world'
[09:54:23] [Server thread/INFO]: [ChunkHolderManager] Saved 0 block chunks, 28 entity chunks, 0 poi chunks in world 'world' in 0.05s
[09:54:23] [Server thread/INFO]: [ChunkHolderManager] Waiting 60s for chunk I/O to halt for world 'world'
[09:54:23] [Server thread/INFO]: [ChunkHolderManager] Halted I/O scheduler for world 'world'
[09:54:23] [Server thread/INFO]: Saving chunks for level 'ServerLevel[world_nether]'/minecraft:the_nether
[09:54:23] [Server thread/INFO]: [ChunkHolderManager] Waiting 60s for chunk system to halt for world 'world_nether'
[09:54:23] [Server thread/INFO]: [ChunkHolderManager] Halted chunk system for world 'world_nether'
[09:54:23] [Server thread/INFO]: [ChunkHolderManager] Saving all chunkholders for world 'world_nether'
[09:54:23] [Server thread/INFO]: [ChunkHolderManager] Saved 0 block chunks, 3 entity chunks, 0 poi chunks in world 'world_nether' in 0.01s
[09:54:23] [Server thread/INFO]: [ChunkHolderManager] Waiting 60s for chunk I/O to halt for world 'world_nether'
[09:54:23] [Server thread/INFO]: [ChunkHolderManager] Halted I/O scheduler for world 'world_nether'
[09:54:23] [Server thread/INFO]: Saving chunks for level 'ServerLevel[world_the_end]'/minecraft:the_end
[09:54:23] [Server thread/INFO]: [ChunkHolderManager] Waiting 60s for chunk system to halt for world 'world_the_end'
[09:54:23] [Server thread/INFO]: [ChunkHolderManager] Halted chunk system for world 'world_the_end'
[09:54:23] [Server thread/INFO]: [ChunkHolderManager] Saving all chunkholders for world 'world_the_end'
[09:54:23] [Server thread/INFO]: [ChunkHolderManager] Saved 0 block chunks, 10 entity chunks, 0 poi chunks in world 'world_the_end' in 0.01s
[09:54:23] [Server thread/INFO]: [ChunkHolderManager] Waiting 60s for chunk I/O to halt for world 'world_the_end'
[09:54:23] [Server thread/INFO]: [ChunkHolderManager] Halted I/O scheduler for world 'world_the_end'
[09:54:23] [Server thread/INFO]: Saving chunks for level 'ServerLevel[world2]'/minecraft:world2
[09:54:23] [Server thread/INFO]: [ChunkHolderManager] Waiting 60s for chunk system to halt for world 'world2'
[09:54:23] [Server thread/INFO]: [ChunkHolderManager] Halted chunk system for world 'world2'
[09:54:23] [Server thread/INFO]: [ChunkHolderManager] Saving all chunkholders for world 'world2'
[09:54:23] [Server thread/INFO]: [ChunkHolderManager] Saved 0 block chunks, 0 entity chunks, 0 poi chunks in world 'world2' in 0.00s
[09:54:23] [Server thread/INFO]: [ChunkHolderManager] Waiting 60s for chunk I/O to halt for world 'world2'
[09:54:23] [Server thread/INFO]: [ChunkHolderManager] Halted I/O scheduler for world 'world2'
[09:54:23] [Server thread/INFO]: ThreadedAnvilChunkStorage (world): All chunks are saved
[09:54:23] [Server thread/INFO]: ThreadedAnvilChunkStorage (DIM-1): All chunks are saved
[09:54:23] [Server thread/INFO]: ThreadedAnvilChunkStorage (DIM1): All chunks are saved
[09:54:23] [Server thread/INFO]: ThreadedAnvilChunkStorage (world2): All chunks are saved
[09:54:23] [Server thread/INFO]: ThreadedAnvilChunkStorage: All dimensions are saved
[09:54:23] [Server thread/INFO]: Waiting for I/O tasks to complete...
[09:54:23] [Server thread/INFO]: All I/O tasks to complete
[09:54:23] [Server thread/INFO]: [MoonriseCommon] Awaiting termination of worker pool for up to 60s...
[09:54:23] [Server thread/INFO]: [MoonriseCommon] Awaiting termination of I/O pool for up to 60s...
